{"C:\\Users\\didid\\OneDrive\\שולחן העבודה\\ComputerSience\\C\\InternetApp\\app.js": {"path":"C:\\Users\\didid\\OneDrive\\שולחן העבודה\\ComputerSience\\C\\InternetApp\\app.js","statementMap":{"0":{"start":{"line":1,"column":12},"end":{"line":1,"column":38}},"1":{"start":{"line":2,"column":16},"end":{"line":2,"column":34}},"2":{"start":{"line":3,"column":17},"end":{"line":3,"column":36}},"3":{"start":{"line":4,"column":19},"end":{"line":4,"column":41}},"4":{"start":{"line":6,"column":16},"end":{"line":25,"column":1}},"5":{"start":{"line":7,"column":20},"end":{"line":23,"column":6}},"6":{"start":{"line":8,"column":8},"end":{"line":22,"column":11}},"7":{"start":{"line":9,"column":23},"end":{"line":9,"column":42}},"8":{"start":{"line":11,"column":12},"end":{"line":11,"column":60}},"9":{"start":{"line":11,"column":38},"end":{"line":11,"column":58}},"10":{"start":{"line":12,"column":12},"end":{"line":12,"column":72}},"11":{"start":{"line":12,"column":34},"end":{"line":12,"column":70}},"12":{"start":{"line":14,"column":24},"end":{"line":14,"column":33}},"13":{"start":{"line":16,"column":12},"end":{"line":16,"column":39}},"14":{"start":{"line":17,"column":12},"end":{"line":17,"column":63}},"15":{"start":{"line":19,"column":32},"end":{"line":19,"column":65}},"16":{"start":{"line":20,"column":12},"end":{"line":20,"column":45}},"17":{"start":{"line":21,"column":12},"end":{"line":21,"column":25}},"18":{"start":{"line":24,"column":4},"end":{"line":24,"column":19}},"19":{"start":{"line":27,"column":0},"end":{"line":27,"column":25}}},"fnMap":{"0":{"name":"(anonymous_0)","decl":{"start":{"line":6,"column":16},"end":{"line":6,"column":17}},"loc":{"start":{"line":6,"column":22},"end":{"line":25,"column":1}},"line":6},"1":{"name":"(anonymous_1)","decl":{"start":{"line":7,"column":32},"end":{"line":7,"column":33}},"loc":{"start":{"line":7,"column":53},"end":{"line":23,"column":5}},"line":7},"2":{"name":"(anonymous_2)","decl":{"start":{"line":8,"column":50},"end":{"line":8,"column":51}},"loc":{"start":{"line":8,"column":56},"end":{"line":22,"column":9}},"line":8},"3":{"name":"(anonymous_3)","decl":{"start":{"line":11,"column":27},"end":{"line":11,"column":28}},"loc":{"start":{"line":11,"column":38},"end":{"line":11,"column":58}},"line":11},"4":{"name":"(anonymous_4)","decl":{"start":{"line":12,"column":28},"end":{"line":12,"column":29}},"loc":{"start":{"line":12,"column":34},"end":{"line":12,"column":70}},"line":12}},"branchMap":{},"s":{"0":1,"1":1,"2":1,"3":1,"4":1,"5":1,"6":1,"7":1,"8":1,"9":0,"10":1,"11":0,"12":1,"13":1,"14":1,"15":1,"16":1,"17":1,"18":1,"19":1},"f":{"0":1,"1":1,"2":1,"3":0,"4":0},"b":{},"_coverageSchema":"1a1c01bbd47fc00a2c39e90264f33305004495a9","hash":"5d37eb3c440a520c44f3e0ad291bbe0367385ddc"}
,"C:\\Users\\didid\\OneDrive\\שולחן העבודה\\ComputerSience\\C\\InternetApp\\controllers\\student_controller.js": {"path":"C:\\Users\\didid\\OneDrive\\שולחן העבודה\\ComputerSience\\C\\InternetApp\\controllers\\student_controller.js","statementMap":{"0":{"start":{"line":1,"column":16},"end":{"line":1,"column":50}},"1":{"start":{"line":3,"column":23},"end":{"line":16,"column":1}},"2":{"start":{"line":4,"column":4},"end":{"line":4,"column":36}},"3":{"start":{"line":5,"column":4},"end":{"line":15,"column":5}},"4":{"start":{"line":6,"column":23},"end":{"line":6,"column":25}},"5":{"start":{"line":7,"column":8},"end":{"line":11,"column":9}},"6":{"start":{"line":8,"column":12},"end":{"line":8,"column":66}},"7":{"start":{"line":10,"column":12},"end":{"line":10,"column":44}},"8":{"start":{"line":12,"column":8},"end":{"line":12,"column":27}},"9":{"start":{"line":14,"column":8},"end":{"line":14,"column":53}},"10":{"start":{"line":18,"column":23},"end":{"line":26,"column":1}},"11":{"start":{"line":19,"column":4},"end":{"line":19,"column":51}},"12":{"start":{"line":20,"column":4},"end":{"line":25,"column":5}},"13":{"start":{"line":21,"column":24},"end":{"line":21,"column":61}},"14":{"start":{"line":22,"column":8},"end":{"line":22,"column":26}},"15":{"start":{"line":24,"column":8},"end":{"line":24,"column":53}},"16":{"start":{"line":28,"column":20},"end":{"line":41,"column":1}},"17":{"start":{"line":29,"column":4},"end":{"line":29,"column":44}},"18":{"start":{"line":31,"column":20},"end":{"line":31,"column":41}},"19":{"start":{"line":32,"column":4},"end":{"line":39,"column":5}},"20":{"start":{"line":33,"column":8},"end":{"line":33,"column":29}},"21":{"start":{"line":34,"column":8},"end":{"line":34,"column":35}},"22":{"start":{"line":37,"column":8},"end":{"line":37,"column":37}},"23":{"start":{"line":38,"column":8},"end":{"line":38,"column":41}},"24":{"start":{"line":43,"column":23},"end":{"line":51,"column":1}},"25":{"start":{"line":44,"column":4},"end":{"line":44,"column":51}},"26":{"start":{"line":45,"column":4},"end":{"line":50,"column":5}},"27":{"start":{"line":46,"column":24},"end":{"line":46,"column":87}},"28":{"start":{"line":47,"column":8},"end":{"line":47,"column":26}},"29":{"start":{"line":49,"column":8},"end":{"line":49,"column":53}},"30":{"start":{"line":53,"column":26},"end":{"line":60,"column":6}},"31":{"start":{"line":54,"column":4},"end":{"line":54,"column":54}},"32":{"start":{"line":55,"column":4},"end":{"line":60,"column":5}},"33":{"start":{"line":56,"column":24},"end":{"line":56,"column":70}},"34":{"start":{"line":57,"column":8},"end":{"line":57,"column":26}},"35":{"start":{"line":59,"column":8},"end":{"line":59,"column":53}},"36":{"start":{"line":63,"column":0},"end":{"line":69,"column":1}}},"fnMap":{"0":{"name":"(anonymous_0)","decl":{"start":{"line":3,"column":23},"end":{"line":3,"column":24}},"loc":{"start":{"line":3,"column":43},"end":{"line":16,"column":1}},"line":3},"1":{"name":"(anonymous_1)","decl":{"start":{"line":18,"column":23},"end":{"line":18,"column":24}},"loc":{"start":{"line":18,"column":43},"end":{"line":26,"column":1}},"line":18},"2":{"name":"(anonymous_2)","decl":{"start":{"line":28,"column":20},"end":{"line":28,"column":21}},"loc":{"start":{"line":28,"column":40},"end":{"line":41,"column":1}},"line":28},"3":{"name":"(anonymous_3)","decl":{"start":{"line":43,"column":23},"end":{"line":43,"column":24}},"loc":{"start":{"line":43,"column":43},"end":{"line":51,"column":1}},"line":43},"4":{"name":"(anonymous_4)","decl":{"start":{"line":53,"column":26},"end":{"line":53,"column":27}},"loc":{"start":{"line":53,"column":45},"end":{"line":60,"column":6}},"line":53}},"branchMap":{"0":{"loc":{"start":{"line":7,"column":8},"end":{"line":11,"column":9}},"type":"if","locations":[{"start":{"line":7,"column":8},"end":{"line":11,"column":9}},{"start":{"line":9,"column":15},"end":{"line":11,"column":9}}],"line":7}},"s":{"0":1,"1":1,"2":2,"3":2,"4":2,"5":2,"6":0,"7":2,"8":2,"9":0,"10":1,"11":0,"12":0,"13":0,"14":0,"15":0,"16":1,"17":1,"18":1,"19":1,"20":1,"21":1,"22":0,"23":0,"24":1,"25":0,"26":0,"27":0,"28":0,"29":0,"30":1,"31":0,"32":0,"33":0,"34":0,"35":0,"36":1},"f":{"0":2,"1":0,"2":1,"3":0,"4":0},"b":{"0":[0,2]},"_coverageSchema":"1a1c01bbd47fc00a2c39e90264f33305004495a9","hash":"5bf2a665cd44009a5e2167ccf7650ac1e2f51714"}
,"C:\\Users\\didid\\OneDrive\\שולחן העבודה\\ComputerSience\\C\\InternetApp\\models\\student_model.js": {"path":"C:\\Users\\didid\\OneDrive\\שולחן העבודה\\ComputerSience\\C\\InternetApp\\models\\student_model.js","statementMap":{"0":{"start":{"line":1,"column":17},"end":{"line":1,"column":36}},"1":{"start":{"line":3,"column":22},"end":{"line":12,"column":2}},"2":{"start":{"line":14,"column":0},"end":{"line":14,"column":59}}},"fnMap":{},"branchMap":{},"s":{"0":1,"1":1,"2":1},"f":{},"b":{},"_coverageSchema":"1a1c01bbd47fc00a2c39e90264f33305004495a9","hash":"7edaa89b36320561549b90fea9a0d0f909dc7c01"}
,"C:\\Users\\didid\\OneDrive\\שולחן העבודה\\ComputerSience\\C\\InternetApp\\routes\\student_route.js": {"path":"C:\\Users\\didid\\OneDrive\\שולחן העבודה\\ComputerSience\\C\\InternetApp\\routes\\student_route.js","statementMap":{"0":{"start":{"line":1,"column":16},"end":{"line":1,"column":34}},"1":{"start":{"line":2,"column":15},"end":{"line":2,"column":31}},"2":{"start":{"line":3,"column":16},"end":{"line":3,"column":60}},"3":{"start":{"line":5,"column":0},"end":{"line":5,"column":40}},"4":{"start":{"line":7,"column":0},"end":{"line":7,"column":43}},"5":{"start":{"line":9,"column":0},"end":{"line":9,"column":38}},"6":{"start":{"line":11,"column":0},"end":{"line":11,"column":43}},"7":{"start":{"line":13,"column":0},"end":{"line":13,"column":49}},"8":{"start":{"line":15,"column":0},"end":{"line":15,"column":24}}},"fnMap":{},"branchMap":{},"s":{"0":1,"1":1,"2":1,"3":1,"4":1,"5":1,"6":1,"7":1,"8":1},"f":{},"b":{},"_coverageSchema":"1a1c01bbd47fc00a2c39e90264f33305004495a9","hash":"e69d4922d0c0643e465b0d4b9993ff94ffecdcd8"}
}
